TN:
SF:/Users/lmieth/bushfire-api/js/fb/handlers.js
FN:29,parseXml
FN:30,(anonymous_1)
FN:31,(anonymous_2)
FN:39,(anonymous_3)
FN:40,(anonymous_4)
FN:50,getCouncil
FN:58,(anonymous_6)
FN:77,getFireDistrictFromCouncil
FN:79,(anonymous_8)
FN:80,(anonymous_9)
FN:88,getFireDistrictFromSuburb
FN:93,(anonymous_11)
FN:108,fetchData
FN:138,fetchFireDistrictData
FN:147,(anonymous_14)
FN:171,fetchSuburbData
FNF:16
FNH:16
FNDA:11,parseXml
FNDA:11,(anonymous_1)
FNDA:11,(anonymous_2)
FNDA:42,(anonymous_3)
FNDA:70,(anonymous_4)
FNDA:25,getCouncil
FNDA:94,(anonymous_6)
FNDA:21,getFireDistrictFromCouncil
FNDA:178,(anonymous_8)
FNDA:1308,(anonymous_9)
FNDA:7,getFireDistrictFromSuburb
FNDA:20,(anonymous_11)
FNDA:14,fetchData
FNDA:10,fetchFireDistrictData
FNDA:27,(anonymous_14)
FNDA:6,fetchSuburbData
DA:6,1
DA:9,1
DA:16,1
DA:30,11
DA:31,11
DA:32,11
DA:33,11
DA:39,1
DA:40,70
DA:52,25
DA:53,25
DA:55,25
DA:58,21
DA:60,94
DA:62,14
DA:65,80
DA:67,0
DA:69,94
DA:73,21
DA:78,21
DA:79,178
DA:81,1308
DA:84,21
DA:89,7
DA:91,7
DA:93,20
DA:95,6
DA:97,5
DA:99,5
DA:109,14
DA:110,14
DA:112,14
DA:114,13
DA:115,13
DA:119,13
DA:120,13
DA:124,10
DA:126,10
DA:128,7
DA:139,10
DA:142,10
DA:143,1
DA:147,9
DA:148,27
DA:151,8
DA:153,27
DA:157,9
DA:159,7
DA:162,7
DA:172,6
DA:173,6
DA:176,6
DA:177,1
DA:181,5
DA:185,5
DA:187,4
DA:189,4
LF:57
LH:56
BRDA:32,0,0,1
BRDA:32,0,1,10
BRDA:55,1,0,4
BRDA:55,1,1,21
BRDA:60,2,0,14
BRDA:60,2,1,80
BRDA:65,3,0,0
BRDA:65,3,1,80
BRDA:65,4,0,80
BRDA:65,4,1,40
BRDA:65,4,2,7
BRDA:73,5,0,21
BRDA:73,5,1,7
BRDA:81,6,0,1308
BRDA:81,6,1,1294
BRDA:84,7,0,21
BRDA:84,7,1,6
BRDA:91,8,0,1
BRDA:91,8,1,6
BRDA:95,9,0,1
BRDA:95,9,1,5
BRDA:112,10,0,1
BRDA:112,10,1,13
BRDA:126,11,0,3
BRDA:126,11,1,7
BRDA:142,12,0,1
BRDA:142,12,1,9
BRDA:148,13,0,8
BRDA:148,13,1,19
BRDA:148,14,0,27
BRDA:148,14,1,19
BRDA:157,15,0,2
BRDA:157,15,1,7
BRDA:176,16,0,1
BRDA:176,16,1,5
BRDA:181,17,0,5
BRDA:181,17,1,1
BRDA:185,18,0,1
BRDA:185,18,1,4
BRF:39
BRH:38
end_of_record
TN:
SF:/Users/lmieth/bushfire-api/js/fb/location-mapping.js
FNF:0
FNH:0
DA:1,1
DA:32,1
DA:49,1
DA:69,1
DA:77,1
DA:89,1
DA:95,1
LF:7
LH:7
BRF:0
BRH:0
end_of_record
TN:
SF:/Users/lmieth/bushfire-api/js/fb/stateLevel-handlers.js
FN:8,getFireDistrictDataNSW
FN:10,(anonymous_1)
FN:14,getSuburbDataNSW
FN:26,getFireDistrictDataACT
FN:32,extractIssue
FN:36,(anonymous_5)
FN:41,getFireDistrictDataVIC
FN:52,getSuburbDataVIC
FN:63,(anonymous_8)
FN:67,extractFromDescription
FN:70,(anonymous_10)
FN:89,getFireDistrictDataSA
FN:91,(anonymous_12)
FN:103,getSuburbDataSA
FNF:14
FNH:14
FNDA:7,getFireDistrictDataNSW
FNDA:35,(anonymous_1)
FNDA:3,getSuburbDataNSW
FNDA:3,getFireDistrictDataACT
FNDA:6,extractIssue
FNDA:18,(anonymous_5)
FNDA:3,getFireDistrictDataVIC
FNDA:2,getSuburbDataVIC
FNDA:12,(anonymous_8)
FNDA:3,extractFromDescription
FNDA:6,(anonymous_10)
FNDA:3,getFireDistrictDataSA
FNDA:3,(anonymous_12)
FNDA:2,getSuburbDataSA
DA:9,7
DA:10,35
DA:15,3
DA:27,3
DA:33,6
DA:36,18
DA:42,3
DA:43,3
DA:44,3
DA:46,3
DA:53,2
DA:63,12
DA:68,3
DA:70,3
DA:71,6
DA:72,6
DA:73,6
DA:75,6
DA:76,6
DA:77,6
DA:79,6
DA:90,3
DA:91,3
DA:92,3
DA:94,3
DA:104,2
DA:111,1
DA:119,1
LF:28
LH:28
BRDA:10,0,0,35
BRDA:10,0,1,30
BRDA:71,1,0,3
BRDA:71,1,1,3
BRF:4
BRH:4
end_of_record
TN:
SF:/Users/lmieth/bushfire-api/js/server/server.js
FN:11,(anonymous_0)
FN:22,(anonymous_1)
FN:34,(anonymous_2)
FN:45,(anonymous_3)
FNF:4
FNH:4
FNDA:5,(anonymous_0)
FNDA:5,(anonymous_1)
FNDA:5,(anonymous_2)
FNDA:1,(anonymous_3)
DA:8,1
DA:9,1
DA:11,1
DA:12,5
DA:13,5
DA:14,5
DA:15,4
DA:18,1
DA:22,1
DA:23,5
DA:25,5
DA:26,5
DA:27,4
DA:30,1
DA:34,1
DA:35,5
DA:36,5
DA:37,5
DA:38,4
DA:41,1
DA:45,1
DA:46,1
LF:22
LH:22
BRDA:9,0,0,1
BRDA:9,0,1,1
BRF:2
BRH:2
end_of_record
